<?xml version="1.0" encoding="UTF-8"?>
<!-- Generated by org.testng.reporters.JUnitReportReporter -->
<testsuite skipped="0" hostname="DESKTOP-LMKUR01" name="com.ups.winappdriver.CalcTest" tests="5" failures="0" timestamp="2020-05-29T17:16:24 IST" time="37.856" errors="0">
  <testcase name="Combination" time="11.139" classname="com.ups.winappdriver.CalcTest"/>
  <testcase name="Addition" time="5.659" classname="com.ups.winappdriver.CalcTest"/>
  <testcase name="Subtraction" time="6.429" classname="com.ups.winappdriver.CalcTest"/>
  <testcase name="Multiplication" time="6.109" classname="com.ups.winappdriver.CalcTest"/>
  <testcase name="Division" time="8.520" classname="com.ups.winappdriver.CalcTest"/>
</testsuite> <!-- com.ups.winappdriver.CalcTest -->
